[2025-08-21 17:21:38,868][   train_val.py][line: 112][    INFO] args: Namespace(clsname='capsule', config='/home/zyz-4090/PycharmProjects/MUM-UAD/MSTAD/experiments/config.yaml', evaluate=False, local_rank=None, type='normal')
[2025-08-21 17:21:38,871][   train_val.py][line: 113][    INFO] config: {'criterion': [{'kwargs': {'weight': 1.0},
                'name': 'FeatureMSELoss',
                'type': 'FeatureMSELoss'}],
 'dataset': {'batch_size': 12,
             'image_reader': {'kwargs': {'color_mode': 'RGB',
                                         'image_dir': 'home/zyz-4090/PycharmProjects/Saliency_MSTAD_from3090/BTAD'},
                              'type': 'opencv'},
             'image_reader_seg': {'kwargs': {'color_mode': 'GRAY',
                                             'image_dir': '/home/zyz-4090/PycharmProjects/Saliency_MSTAD_from3090/BTAD'},
                                  'type': 'opencv'},
             'input_size': [224, 224],
             'msnet_alpha': 10,
             'num_branch': 4,
             'pixel_mean': [0.485, 0.456, 0.406],
             'pixel_std': [0.229, 0.224, 0.225],
             'test': {'meta_file': '/home/zyz-4090/PycharmProjects/Saliency_MSTAD_from3090/Saliency_MSTAD/data/MVTec-AD/visa_test.json'},
             'train': {'hflip': False,
                       'meta_file': '/home/zyz-4090/PycharmProjects/Saliency_MSTAD_from3090/Saliency_MSTAD/data/MVTec-AD/visa_train.json',
                       'rebalance': False,
                       'rotate': False,
                       'vflip': False},
             'type': 'custom',
             'workers': 6},
 'evaluator': {'eval_dir': '/home/zyz-4090/PycharmProjects/MUM-UAD/MSTAD/experiments/result_eval_temp',
               'key_metric': 'mean_pixel_auc',
               'metrics': {'auc': [{'name': 'pixel'}]},
               'save_dir': 'result_eval_temp',
               'vis_compound': {'max_score': None,
                                'min_score': None,
                                'save_dir': 'vis_compound'},
               'vis_single': {'max_score': None,
                              'min_score': None,
                              'save_dir': 'vis_single_seg_97'}},
 'exp_path': '/home/zyz-4090/PycharmProjects/MUM-UAD/MSTAD/experiments',
 'frozen_layers': ['backbone', 'neck', 'reconstruction'],
 'log_path': '/home/zyz-4090/PycharmProjects/MUM-UAD/MSTAD/experiments/log/',
 'net': [{'frozen': True,
          'kwargs': {'outblocks': [1, 5, 9, 21],
                     'outstrides': [2, 4, 8, 16],
                     'pretrained': True},
          'name': 'backbone',
          'type': 'models.backbones.efficientnet_b4'},
         {'kwargs': {'outplanes': [272], 'outstrides': [16]},
          'name': 'neck',
          'prev': 'backbone',
          'type': 'models.necks.MFCN'},
         {'kwargs': {'activation': 'relu',
                     'dim_feedforward': 1024,
                     'dropout': 0.1,
                     'feature_jitter': {'prob': 1.0, 'scale': 20.0},
                     'feature_size': [14, 14],
                     'hidden_dim': 256,
                     'initializer': {'method': 'xavier_uniform'},
                     'neighbor_mask': {'mask': [False, False, False],
                                       'neighbor_size': [7, 7]},
                     'nhead': 8,
                     'normalize_before': False,
                     'num_decoder_layers': 10,
                     'num_encoder_layers': 10,
                     'pos_embed_type': 'learned',
                     'save_recon': {'save_dir': 'result_recon'}},
          'name': 'reconstruction',
          'prev': 'neck',
          'type': 'models.reconstructions.UniAD'}],
 'port': 11111,
 'random_seed': 135,
 'save_path': '/home/zyz-4090/PycharmProjects/MUM-UAD/MSTAD/experiments/salicency_checkpoint/',
 'saver': {'always_save': False,
           'auto_resume': False,
           'load_path': '/home/zyz-4090/PycharmProjects/MUM-UAD/MSTAD/experiments/checkpoint_btad/ckpt_best.pth.tar',
           'log_dir': 'log/',
           'save_dir': 'salicency_checkpoint/'},
 'trainer': {'clip_max_norm': 0.1,
             'lr_scheduler': {'kwargs': {'gamma': 0.1, 'step_size': 100},
                              'type': 'StepLR'},
             'max_epoch': 100,
             'optimizer': {'kwargs': {'betas': [0.9, 0.999],
                                      'lr': 0.0001,
                                      'weight_decay': 0.0001},
                           'type': 'AdamW'},
             'print_freq_step': 10,
             'tb_freq_step': 1,
             'val_freq_epoch': 1},
 'version': 'v1.0.0'}
[2025-08-21 17:21:39,016][       utils.py][line: 740][    INFO]  not exist, load from https://github.com/lukemelas/EfficientNet-PyTorch/releases/download/1.0/efficientnet-b4-6ed6700e.pth
[2025-08-21 17:21:39,061][       utils.py][line: 761][    INFO] Loaded ImageNet pretrained efficientnet-b4
[2025-08-21 17:21:39,456][   train_val.py][line: 136][    INFO] layers: ['backbone', 'neck', 'reconstruction']
[2025-08-21 17:21:39,456][   train_val.py][line: 137][    INFO] active layers: []
